Build started 24/11/2016 10:52:28.
     1>Project "C:\Users\Tom\Desktop\BSc Computing For Games\Year 2\COMP220\Portfolio\comp220-portfolio\3D game demo\COMP220\06_Lighting\06_Lighting.vcxproj" on node 2 (Build target(s)).
     1>C:\Program Files (x86)\MSBuild\Microsoft.Cpp\v4.0\V140\Microsoft.CppBuild.targets(392,5): warning MSB8028: The intermediate directory (Debug\) contains files shared from another project (06_Lighting.vcxproj).  This can lead to incorrect clean and rebuild behavior.
     1>ClCompile:
         C:\Program Files (x86)\Microsoft Visual Studio 14.0\VC\bin\CL.exe /c /ZI /nologo /W3 /WX- /Od /Oy- /D WIN32 /D _DEBUG /D _WINDOWS /D _UNICODE /D UNICODE /Gm /EHsc /RTC1 /MDd /GS /fp:precise /Zc:wchar_t /Zc:forScope /Zc:inline /Yu"stdafx.h" /Fp"Debug\CaveSystem.pch" /Fo"Debug\\" /Fd"Debug\vc140.pdb" /Gd /TP /analyze- /errorReport:prompt Mesh.cpp cave.cpp light.cpp
         light.cpp
         cave.cpp
     1>c:\users\tom\desktop\bsc computing for games\year 2\comp220\portfolio\comp220-portfolio\3d game demo\comp220\06_lighting\mesh.h(6): error C2011: 'mesh': 'class' type redefinition
         c:\users\tom\desktop\bsc computing for games\year 2\comp220\portfolio\comp220-portfolio\3d game demo\comp220\06_lighting\cave.h(4): note: see declaration of 'mesh'
     1>c:\users\tom\desktop\bsc computing for games\year 2\comp220\portfolio\comp220-portfolio\3d game demo\comp220\06_lighting\cave.cpp(123): error C2065: 'wall': undeclared identifier
     1>c:\users\tom\desktop\bsc computing for games\year 2\comp220\portfolio\comp220-portfolio\3d game demo\comp220\06_lighting\cave.cpp(123): error C2065: 'nonWall': undeclared identifier
     1>c:\users\tom\desktop\bsc computing for games\year 2\comp220\portfolio\comp220-portfolio\3d game demo\comp220\06_lighting\cave.cpp(124): error C2448: 'caveGen': function-style initializer appears to be a function definition
         Mesh.cpp
         Generating Code...
     1>Done Building Project "C:\Users\Tom\Desktop\BSc Computing For Games\Year 2\COMP220\Portfolio\comp220-portfolio\3D game demo\COMP220\06_Lighting\06_Lighting.vcxproj" (Build target(s)) -- FAILED.

Build FAILED.

Time Elapsed 00:00:01.47
